<?xml version="1.0" encoding="UTF-8"?>
<!-- Generated by org.testng.reporters.JUnitReportReporter -->
<testsuite hostname="BLR1-LHP-N80937" failures="0" tests="1" name="com.runner.ProductCheckoutRunnerClass" time="5.782" errors="0" timestamp="2023-07-10T16:41:24 IST" skipped="0">
  <testcase classname="com.runner.ProductCheckoutRunnerClass" name="runScenario" time="5.782"/>
</testsuite> <!-- com.runner.ProductCheckoutRunnerClass -->
