<?xml version="1.0" encoding="UTF-8"?>
<!-- Generated by org.testng.reporters.JUnitReportReporter -->
<testsuite hostname="BLR1-LHP-N80937" failures="0" tests="7" name="com.runner.ProductsPageRunnerClass" time="20.334" errors="0" timestamp="2023-07-10T16:41:24 IST" skipped="0">
  <testcase classname="com.runner.ProductsPageRunnerClass" name="runScenario" time="2.834"/>
  <testcase classname="com.runner.ProductsPageRunnerClass" name="runScenario" time="2.886"/>
  <testcase classname="com.runner.ProductsPageRunnerClass" name="runScenario" time="2.406"/>
  <testcase classname="com.runner.ProductsPageRunnerClass" name="runScenario" time="2.522"/>
  <testcase classname="com.runner.ProductsPageRunnerClass" name="runScenario" time="2.337"/>
  <testcase classname="com.runner.ProductsPageRunnerClass" name="runScenario" time="4.518"/>
  <testcase classname="com.runner.ProductsPageRunnerClass" name="runScenario" time="2.831"/>
</testsuite> <!-- com.runner.ProductsPageRunnerClass -->
