<?xml version="1.0" encoding="UTF-8"?>
<!-- Generated by org.testng.reporters.JUnitReportReporter -->
<testsuite hostname="BLR1-LHP-N80937" failures="0" tests="22" name="com.runner.TestRunner" time="432.548" errors="0" timestamp="2024-07-08T15:51:12 IST" skipped="0">
  <testcase classname="com.runner.TestRunner" name="runScenario" time="18.230"/>
  <testcase classname="com.runner.TestRunner" name="runScenario" time="25.294"/>
  <testcase classname="com.runner.TestRunner" name="runScenario" time="18.756"/>
  <testcase classname="com.runner.TestRunner" name="runScenario" time="23.175"/>
  <testcase classname="com.runner.TestRunner" name="runScenario" time="23.531"/>
  <testcase classname="com.runner.TestRunner" name="runScenario" time="16.656"/>
  <testcase classname="com.runner.TestRunner" name="runScenario" time="18.409"/>
  <testcase classname="com.runner.TestRunner" name="runScenario" time="23.429"/>
  <testcase classname="com.runner.TestRunner" name="runScenario" time="25.172"/>
  <testcase classname="com.runner.TestRunner" name="runScenario" time="18.711"/>
  <testcase classname="com.runner.TestRunner" name="runScenario" time="17.197"/>
  <testcase classname="com.runner.TestRunner" name="runScenario" time="22.513"/>
  <testcase classname="com.runner.TestRunner" name="runScenario" time="17.218"/>
  <testcase classname="com.runner.TestRunner" name="runScenario" time="23.552"/>
  <testcase classname="com.runner.TestRunner" name="runScenario" time="5.975"/>
  <testcase classname="com.runner.TestRunner" name="runScenario" time="23.599"/>
  <testcase classname="com.runner.TestRunner" name="runScenario" time="16.751"/>
  <testcase classname="com.runner.TestRunner" name="runScenario" time="17.095"/>
  <testcase classname="com.runner.TestRunner" name="runScenario" time="5.978"/>
  <testcase classname="com.runner.TestRunner" name="runScenario" time="23.237"/>
  <testcase classname="com.runner.TestRunner" name="runScenario" time="42.814"/>
  <testcase classname="com.runner.TestRunner" name="runScenario" time="5.256"/>
</testsuite> <!-- com.runner.TestRunner -->
