<?xml version="1.0" encoding="UTF-8"?>
<!-- Generated by org.testng.reporters.JUnitReportReporter -->
<testsuite hostname="BLR1-LHP-N80937" failures="0" tests="6" name="com.runner.LoginRunnerClass" time="24.187" errors="0" timestamp="2023-07-12T10:38:56 IST" skipped="0">
  <testcase classname="com.runner.LoginRunnerClass" name="runScenario" time="3.701"/>
  <testcase classname="com.runner.LoginRunnerClass" name="runScenario" time="3.735"/>
  <testcase classname="com.runner.LoginRunnerClass" name="runScenario" time="3.809"/>
  <testcase classname="com.runner.LoginRunnerClass" name="runScenario" time="3.738"/>
  <testcase classname="com.runner.LoginRunnerClass" name="runScenario" time="5.495"/>
  <testcase classname="com.runner.LoginRunnerClass" name="runScenario" time="3.709"/>
</testsuite> <!-- com.runner.LoginRunnerClass -->
