<?xml version="1.0" encoding="UTF-8"?>
<!-- Generated by org.testng.reporters.JUnitReportReporter -->
<testsuite hostname="BLR1-LHP-N80937" failures="0" tests="1" name="com.runner.ProductCheckoutTestRunner" time="10.614" errors="0" timestamp="2023-07-12T18:49:58 IST" skipped="0">
  <testcase classname="com.runner.ProductCheckoutTestRunner" name="runScenario" time="10.614"/>
</testsuite> <!-- com.runner.ProductCheckoutTestRunner -->
