<?xml version="1.0" encoding="UTF-8"?>
<!-- Generated by org.testng.reporters.JUnitReportReporter -->
<testsuite hostname="DESKTOP-HOQR8V9" failures="0" tests="22" name="com.runner.TestRunner" time="479.954" errors="0" timestamp="2024-07-08T20:25:40 IST" skipped="0">
  <testcase classname="com.runner.TestRunner" name="runScenario" time="35.657"/>
  <testcase classname="com.runner.TestRunner" name="runScenario" time="10.414"/>
  <testcase classname="com.runner.TestRunner" name="runScenario" time="12.128"/>
  <testcase classname="com.runner.TestRunner" name="runScenario" time="36.412"/>
  <testcase classname="com.runner.TestRunner" name="runScenario" time="32.567"/>
  <testcase classname="com.runner.TestRunner" name="runScenario" time="12.605"/>
  <testcase classname="com.runner.TestRunner" name="runScenario" time="12.305"/>
  <testcase classname="com.runner.TestRunner" name="runScenario" time="12.582"/>
  <testcase classname="com.runner.TestRunner" name="runScenario" time="36.893"/>
  <testcase classname="com.runner.TestRunner" name="runScenario" time="13.035"/>
  <testcase classname="com.runner.TestRunner" name="runScenario" time="7.871"/>
  <testcase classname="com.runner.TestRunner" name="runScenario" time="34.031"/>
  <testcase classname="com.runner.TestRunner" name="runScenario" time="13.769"/>
  <testcase classname="com.runner.TestRunner" name="runScenario" time="8.818"/>
  <testcase classname="com.runner.TestRunner" name="runScenario" time="11.383"/>
  <testcase classname="com.runner.TestRunner" name="runScenario" time="36.348"/>
  <testcase classname="com.runner.TestRunner" name="runScenario" time="31.636"/>
  <testcase classname="com.runner.TestRunner" name="runScenario" time="11.883"/>
  <testcase classname="com.runner.TestRunner" name="runScenario" time="29.018"/>
  <testcase classname="com.runner.TestRunner" name="runScenario" time="36.376"/>
  <testcase classname="com.runner.TestRunner" name="runScenario" time="7.579"/>
  <testcase classname="com.runner.TestRunner" name="runScenario" time="36.644"/>
</testsuite> <!-- com.runner.TestRunner -->
