<?xml version="1.0" encoding="UTF-8"?>
<!-- Generated by org.testng.reporters.JUnitReportReporter -->
<testsuite hostname="BLR1-LHP-N80937" failures="0" tests="6" name="com.runner.LoginPageTestRunner" time="40.915" errors="0" timestamp="2023-07-12T18:49:58 IST" skipped="0">
  <testcase classname="com.runner.LoginPageTestRunner" name="runScenario" time="8.110"/>
  <testcase classname="com.runner.LoginPageTestRunner" name="runScenario" time="5.150"/>
  <testcase classname="com.runner.LoginPageTestRunner" name="runScenario" time="5.364"/>
  <testcase classname="com.runner.LoginPageTestRunner" name="runScenario" time="7.376"/>
  <testcase classname="com.runner.LoginPageTestRunner" name="runScenario" time="6.246"/>
  <testcase classname="com.runner.LoginPageTestRunner" name="runScenario" time="8.669"/>
</testsuite> <!-- com.runner.LoginPageTestRunner -->
