<?xml version="1.0" encoding="UTF-8"?>
<!-- Generated by org.testng.reporters.JUnitReportReporter -->
<testsuite hostname="BLR1-LHP-N80937" failures="0" tests="7" name="com.runner.ProductsPageTestRunner" time="42.857" errors="0" timestamp="2023-07-12T18:49:58 IST" skipped="0">
  <testcase classname="com.runner.ProductsPageTestRunner" name="runScenario" time="7.533"/>
  <testcase classname="com.runner.ProductsPageTestRunner" name="runScenario" time="6.195"/>
  <testcase classname="com.runner.ProductsPageTestRunner" name="runScenario" time="3.780"/>
  <testcase classname="com.runner.ProductsPageTestRunner" name="runScenario" time="5.442"/>
  <testcase classname="com.runner.ProductsPageTestRunner" name="runScenario" time="4.558"/>
  <testcase classname="com.runner.ProductsPageTestRunner" name="runScenario" time="8.316"/>
  <testcase classname="com.runner.ProductsPageTestRunner" name="runScenario" time="7.033"/>
</testsuite> <!-- com.runner.ProductsPageTestRunner -->
