<?xml version="1.0" encoding="UTF-8"?>
<!-- Generated by org.testng.reporters.JUnitReportReporter -->
<testsuite hostname="BLR1-LHP-N80937" failures="0" tests="1" name="com.runner.CartPageTestRunner" time="9.091" errors="0" timestamp="2023-07-12T18:49:58 IST" skipped="0">
  <testcase classname="com.runner.CartPageTestRunner" name="runScenario" time="9.091"/>
</testsuite> <!-- com.runner.CartPageTestRunner -->
