<?xml version="1.0" encoding="UTF-8"?>
<!-- Generated by org.testng.reporters.JUnitReportReporter -->
<testsuite hostname="DESKTOP-HOQR8V9" failures="0" tests="22" name="com.runner.TestRunner" time="3658.720" errors="0" timestamp="2024-08-14T14:50:40 IST" skipped="0">
  <testcase classname="com.runner.TestRunner" name="runScenario" time="377.379"/>
  <testcase classname="com.runner.TestRunner" name="runScenario" time="2.801"/>
  <testcase classname="com.runner.TestRunner" name="runScenario" time="5.576"/>
  <testcase classname="com.runner.TestRunner" name="runScenario" time="420.410"/>
  <testcase classname="com.runner.TestRunner" name="runScenario" time="2.825"/>
  <testcase classname="com.runner.TestRunner" name="runScenario" time="378.528"/>
  <testcase classname="com.runner.TestRunner" name="runScenario" time="2.909"/>
  <testcase classname="com.runner.TestRunner" name="runScenario" time="337.765"/>
  <testcase classname="com.runner.TestRunner" name="runScenario" time="5.297"/>
  <testcase classname="com.runner.TestRunner" name="runScenario" time="349.705"/>
  <testcase classname="com.runner.TestRunner" name="runScenario" time="362.765"/>
  <testcase classname="com.runner.TestRunner" name="runScenario" time="4.577"/>
  <testcase classname="com.runner.TestRunner" name="runScenario" time="345.504"/>
  <testcase classname="com.runner.TestRunner" name="runScenario" time="2.424"/>
  <testcase classname="com.runner.TestRunner" name="runScenario" time="5.508"/>
  <testcase classname="com.runner.TestRunner" name="runScenario" time="347.497"/>
  <testcase classname="com.runner.TestRunner" name="runScenario" time="382.748"/>
  <testcase classname="com.runner.TestRunner" name="runScenario" time="3.663"/>
  <testcase classname="com.runner.TestRunner" name="runScenario" time="4.176"/>
  <testcase classname="com.runner.TestRunner" name="runScenario" time="3.404"/>
  <testcase classname="com.runner.TestRunner" name="runScenario" time="310.183"/>
  <testcase classname="com.runner.TestRunner" name="runScenario" time="3.076"/>
</testsuite> <!-- com.runner.TestRunner -->
